23:18:18.902 [main] TRACE org.testng.internal.Graph - [Graph] ====== SORTED NODES
23:18:18.907 [main] TRACE org.testng.internal.Graph - [Graph] ====== END SORTED NODES
23:18:18.912 [main] TRACE org.testng.internal.Graph - [Graph] ADDING NODE BaseClass.teardown()[pri:0, instance:null] 828881271
23:18:18.912 [main] TRACE org.testng.internal.Graph - [Graph] ================ SORTING
23:18:18.913 [main] TRACE org.testng.internal.Graph - [Graph] =============== DONE SORTING
23:18:18.913 [main] TRACE org.testng.internal.Graph - [Graph] ====== SORTED NODES
23:18:18.913 [main] TRACE org.testng.internal.Graph - [Graph] ====== END SORTED NODES
23:18:18.922 [main] TRACE org.testng.internal.Graph - [Graph] ADDING NODE TC0003_Create_New_Record.Create_Solution_Custom_Field()[pri:0, instance:testCases.TC0003_Create_New_Record@2974f221] -389569738
23:18:18.922 [main] TRACE org.testng.internal.Graph - [Graph] ================ SORTING
23:18:18.923 [main] TRACE org.testng.internal.Graph - [Graph] =============== DONE SORTING
23:18:18.923 [main] TRACE org.testng.internal.Graph - [Graph] ====== SORTED NODES
23:18:18.923 [main] TRACE org.testng.internal.Graph - [Graph] ====== END SORTED NODES
23:18:18.931 [main] INFO  org.testng.internal.Utils - [TestNG] Running:
  E:\Mindmatrix Hybrid Framework\Mindmatrix\mastertest.xml

23:18:45.988 [main] INFO  testCases.TC0003_Create_New_Record - ****** Starting TC0003_Create_New_Record*****
18:57:06.546 [main] INFO  org.testng.internal.Utils - [TestNG] Running:
  E:\Mindmatrix Hybrid Framework\Mindmatrix\mastertest.xml

18:57:20.036 [main] INFO  testCases.TC0003_Create_New_Record - ****** Starting TC0003_Create_New_Record*****
19:02:53.683 [main] INFO  org.testng.internal.Utils - [TestNG] Running:
  E:\Mindmatrix Hybrid Framework\Mindmatrix\mastertest.xml

19:03:01.119 [main] INFO  testCases.TC0003_Create_New_Record - ****** Starting TC0003_Create_New_Record*****
19:08:12.653 [main] INFO  org.testng.internal.Utils - [TestNG] Running:
  E:\Mindmatrix Hybrid Framework\Mindmatrix\mastertest.xml

19:08:21.226 [main] INFO  testCases.TC0003_Create_New_Record - ****** Starting TC0003_Create_New_Record*****
19:12:13.896 [main] INFO  org.testng.internal.Utils - [TestNG] Running:
  E:\Mindmatrix Hybrid Framework\Mindmatrix\mastertest.xml

19:12:25.347 [main] INFO  testCases.TC0003_Create_New_Record - ****** Starting TC0003_Create_New_Record*****
19:14:35.363 [main] INFO  org.testng.internal.Utils - [TestNG] Running:
  E:\Mindmatrix Hybrid Framework\Mindmatrix\mastertest.xml

19:14:45.430 [main] INFO  testCases.TC0003_Create_New_Record - ****** Starting TC0003_Create_New_Record*****
19:18:20.828 [main] INFO  org.testng.internal.Utils - [TestNG] Running:
  E:\Mindmatrix Hybrid Framework\Mindmatrix\mastertest.xml

19:18:29.452 [main] INFO  testCases.TC0003_Create_New_Record - ****** Starting TC0003_Create_New_Record*****
19:22:25.737 [main] INFO  org.testng.internal.Utils - [TestNG] Running:
  E:\Mindmatrix Hybrid Framework\Mindmatrix\mastertest.xml

19:22:59.878 [main] INFO  org.testng.internal.Utils - [TestNG] Running:
  E:\Mindmatrix Hybrid Framework\Mindmatrix\mastertest.xml

19:23:08.530 [main] INFO  testCases.TC0003_Create_New_Record - ****** Starting TC0003_Create_New_Record*****
19:29:12.314 [main] INFO  org.testng.internal.Utils - [TestNG] Running:
  E:\Mindmatrix Hybrid Framework\Mindmatrix\mastertest.xml

19:29:22.022 [main] INFO  testCases.TC0003_Create_New_Record - ****** Starting TC0003_Create_New_Record*****
19:31:41.186 [main] INFO  org.testng.internal.Utils - [TestNG] Running:
  E:\Mindmatrix Hybrid Framework\Mindmatrix\mastertest.xml

19:31:50.168 [main] INFO  testCases.TC0003_Create_New_Record - ****** Starting TC0003_Create_New_Record*****
19:41:48.798 [main] INFO  org.testng.internal.Utils - [TestNG] Running:
  E:\Mindmatrix Hybrid Framework\Mindmatrix\mastertest.xml

19:42:02.648 [main] INFO  testCases.TC0003_Create_New_Record - ****** Starting TC0003_Create_New_Record*****
19:44:04.957 [main] INFO  org.testng.internal.Utils - [TestNG] Running:
  E:\Mindmatrix Hybrid Framework\Mindmatrix\mastertest.xml

19:44:14.071 [main] INFO  testCases.TC0003_Create_New_Record - ****** Starting TC0003_Create_New_Record*****
19:48:49.400 [main] INFO  org.testng.internal.Utils - [TestNG] Running:
  E:\Mindmatrix Hybrid Framework\Mindmatrix\mastertest.xml

19:49:00.386 [main] INFO  testCases.TC0003_Create_New_Record - ****** Starting TC0003_Create_New_Record*****
19:55:24.931 [main] INFO  org.testng.internal.Utils - [TestNG] Running:
  E:\Mindmatrix Hybrid Framework\Mindmatrix\mastertest.xml

19:59:48.258 [main] INFO  org.testng.internal.Utils - [TestNG] Running:
  E:\Mindmatrix Hybrid Framework\Mindmatrix\mastertest.xml

19:59:59.960 [main] INFO  testCases.TC0003_Create_New_Record - ****** Starting TC0003_Create_New_Record *****
20:03:14.711 [main] INFO  org.testng.internal.Utils - [TestNG] Running:
  E:\Mindmatrix Hybrid Framework\Mindmatrix\mastertest.xml

